Connecting to database specified by database.yml
Connecting to database specified by database.yml


Started GET "/locations/index" for 127.0.0.1 at Sat Apr 27 22:18:54 -0600 2013

ActionController::RoutingError (No route matches [GET] "/locations/index"):
  actionpack (3.2.13) lib/action_dispatch/middleware/debug_exceptions.rb:21:in `call'
  actionpack (3.2.13) lib/action_dispatch/middleware/show_exceptions.rb:56:in `call'
  railties (3.2.13) lib/rails/rack/logger.rb:32:in `call_app'
  railties (3.2.13) lib/rails/rack/logger.rb:16:in `call'
  activesupport (3.2.13) lib/active_support/tagged_logging.rb:22:in `tagged'
  railties (3.2.13) lib/rails/rack/logger.rb:16:in `call'
  actionpack (3.2.13) lib/action_dispatch/middleware/request_id.rb:22:in `call'
  rack (1.4.5) lib/rack/methodoverride.rb:21:in `call'
  rack (1.4.5) lib/rack/runtime.rb:17:in `call'
  activesupport (3.2.13) lib/active_support/cache/strategy/local_cache.rb:72:in `call'
  rack (1.4.5) lib/rack/lock.rb:15:in `call'
  actionpack (3.2.13) lib/action_dispatch/middleware/static.rb:63:in `call'
  railties (3.2.13) lib/rails/engine.rb:479:in `call'
  railties (3.2.13) lib/rails/application.rb:223:in `call'
  rack (1.4.5) lib/rack/content_length.rb:14:in `call'
  railties (3.2.13) lib/rails/rack/log_tailer.rb:17:in `call'
  rack (1.4.5) lib/rack/handler/webrick.rb:59:in `service'
  /System/Library/Frameworks/Ruby.framework/Versions/1.8/usr/lib/ruby/1.8/webrick/httpserver.rb:104:in `service'
  /System/Library/Frameworks/Ruby.framework/Versions/1.8/usr/lib/ruby/1.8/webrick/httpserver.rb:65:in `run'
  /System/Library/Frameworks/Ruby.framework/Versions/1.8/usr/lib/ruby/1.8/webrick/server.rb:173:in `start_thread'
  /System/Library/Frameworks/Ruby.framework/Versions/1.8/usr/lib/ruby/1.8/webrick/server.rb:162:in `start'
  /System/Library/Frameworks/Ruby.framework/Versions/1.8/usr/lib/ruby/1.8/webrick/server.rb:162:in `start_thread'
  /System/Library/Frameworks/Ruby.framework/Versions/1.8/usr/lib/ruby/1.8/webrick/server.rb:95:in `start'
  /System/Library/Frameworks/Ruby.framework/Versions/1.8/usr/lib/ruby/1.8/webrick/server.rb:92:in `each'
  /System/Library/Frameworks/Ruby.framework/Versions/1.8/usr/lib/ruby/1.8/webrick/server.rb:92:in `start'
  /System/Library/Frameworks/Ruby.framework/Versions/1.8/usr/lib/ruby/1.8/webrick/server.rb:23:in `start'
  /System/Library/Frameworks/Ruby.framework/Versions/1.8/usr/lib/ruby/1.8/webrick/server.rb:82:in `start'
  rack (1.4.5) lib/rack/handler/webrick.rb:13:in `run'
  rack (1.4.5) lib/rack/server.rb:268:in `start'
  railties (3.2.13) lib/rails/commands/server.rb:70:in `start'
  railties (3.2.13) lib/rails/commands.rb:55
  railties (3.2.13) lib/rails/commands.rb:50:in `tap'
  railties (3.2.13) lib/rails/commands.rb:50
  script/rails:6:in `require'
  script/rails:6


  Rendered /Library/Ruby/Gems/1.8/gems/actionpack-3.2.13/lib/action_dispatch/middleware/templates/rescues/routing_error.erb within rescues/layout (2.8ms)


Started GET "/locations/check" for 127.0.0.1 at Sat Apr 27 22:18:56 -0600 2013
Processing by LocationsController#index as HTML
Completed 500 Internal Server Error in 1ms

NoMethodError (undefined method `+@' for "lat=":String):
  app/controllers/locations_controller.rb:11:in `index'


  Rendered /Library/Ruby/Gems/1.8/gems/actionpack-3.2.13/lib/action_dispatch/middleware/templates/rescues/_trace.erb (2.3ms)
  Rendered /Library/Ruby/Gems/1.8/gems/actionpack-3.2.13/lib/action_dispatch/middleware/templates/rescues/_request_and_response.erb (1.5ms)
  Rendered /Library/Ruby/Gems/1.8/gems/actionpack-3.2.13/lib/action_dispatch/middleware/templates/rescues/diagnostics.erb within rescues/layout (19.9ms)


Started GET "/locations/check?lat=90&lon=14" for 127.0.0.1 at Sat Apr 27 22:19:07 -0600 2013
Processing by LocationsController#index as HTML
  Parameters: {"lat"=>"90", "lon"=>"14"}
Completed 500 Internal Server Error in 0ms

NoMethodError (undefined method `+@' for "lat=":String):
  app/controllers/locations_controller.rb:11:in `index'


  Rendered /Library/Ruby/Gems/1.8/gems/actionpack-3.2.13/lib/action_dispatch/middleware/templates/rescues/_trace.erb (2.3ms)
  Rendered /Library/Ruby/Gems/1.8/gems/actionpack-3.2.13/lib/action_dispatch/middleware/templates/rescues/_request_and_response.erb (1.5ms)
  Rendered /Library/Ruby/Gems/1.8/gems/actionpack-3.2.13/lib/action_dispatch/middleware/templates/rescues/diagnostics.erb within rescues/layout (16.8ms)


Started GET "/locations/check?lat=90&lon=14" for 127.0.0.1 at Sat Apr 27 22:19:46 -0600 2013
Processing by LocationsController#index as HTML
  Parameters: {"lat"=>"90", "lon"=>"14"}
Completed 500 Internal Server Error in 5ms

ActionView::MissingTemplate (Missing template locations/index, application/index with {:handlers=>[:erb, :builder, :coffee], :locale=>[:en], :formats=>[:html]}. Searched in:
  * "/Users/Gerardino/Projects/SISS/Web/app/views"
):
  app/controllers/locations_controller.rb:16:in `index'


  Rendered /Library/Ruby/Gems/1.8/gems/actionpack-3.2.13/lib/action_dispatch/middleware/templates/rescues/missing_template.erb within rescues/layout (0.3ms)


Started GET "/locations/check?lat=90&lon=14" for 127.0.0.1 at Sat Apr 27 22:22:04 -0600 2013
Processing by LocationsController#index as HTML
  Parameters: {"lat"=>"90", "lon"=>"14"}
Completed 500 Internal Server Error in 876ms

ActionView::MissingTemplate (Missing template locations/index, application/index with {:handlers=>[:erb, :builder, :coffee], :locale=>[:en], :formats=>[:html]}. Searched in:
  * "/Users/Gerardino/Projects/SISS/Web/app/views"
):
  app/controllers/locations_controller.rb:28:in `index'


  Rendered /Library/Ruby/Gems/1.8/gems/actionpack-3.2.13/lib/action_dispatch/middleware/templates/rescues/missing_template.erb within rescues/layout (0.5ms)
Connecting to database specified by database.yml


Started GET "/locations/check.json?lat=90&lon=14" for 127.0.0.1 at Sat Apr 27 22:42:12 -0600 2013
Processing by LocationsController#index as JSON
  Parameters: {"lat"=>"90", "lon"=>"14"}
Completed 200 OK in 1146ms (Views: 0.2ms | ActiveRecord: 0.0ms)


Started GET "/locations/check.json?lat=90&lon=14" for 127.0.0.1 at Sat Apr 27 22:42:31 -0600 2013
Processing by LocationsController#index as JSON
  Parameters: {"lat"=>"90", "lon"=>"14"}
Completed 200 OK in 743ms (Views: 0.4ms | ActiveRecord: 0.0ms)
